Arguments: 
  C:\Program Files\nodejs\node.exe C:\Users\marcel\AppData\Roaming\npm\node_modules\yarn\bin\yarn.js add qrcode.react

PATH: 
  C:\Program Files (x86)\Common Files\Oracle\Java\javapath;C:\WINDOWS\system32;C:\WINDOWS;C:\WINDOWS\System32\Wbem;C:\WINDOWS\System32\WindowsPowerShell\v1.0\;C:\WINDOWS\System32\OpenSSH\;C:\ProgramData\chocolatey\bin;C:\Program Files\dotnet\;C:\Program Files\nodejs\;C:\Program Files\Git\cmd;C:\Users\marcel\AppData\Local\Microsoft\WindowsApps;C:\Users\marcel\AppData\Local\Programs\Microsoft VS Code\bin;C:\Users\marcel\.dotnet\tools;C:\Users\marcel\AppData\Roaming\npm

Yarn version: 
  1.22.19

Node version: 
  22.14.0

Platform: 
  win32 x64

Trace: 
  Error: EPERM: operation not permitted, unlink 'C:\projet-ocinematico\node_modules\@next\swc-win32-x64-msvc\next-swc.win32-x64-msvc.node'

npm manifest: 
  {
    "name": "fotop-site-estilizado",
    "version": "1.0.0",
    "scripts": {
      "dev": "next dev",
      "build": "next build",
      "start": "next start"
    },
    "dependencies": {
      "@netlify/plugin-nextjs": "^5.11.6",
      "@supabase/supabase-js": "^2.50.4",
      "face-api.js": "^0.22.2",
      "formidable-serverless": "^1.1.1",
      "next": "13.4.19",
      "qrcode.react": "^4.2.0",
      "react": "18.2.0",
      "react-dom": "18.2.0"
    },
    "devDependencies": {
      "@types/node": "24.0.12",
      "@types/react": "19.1.8",
      "autoprefixer": "^10.4.14",
      "postcss": "^8.4.23",
      "tailwindcss": "^3.3.2",
      "typescript": "^5.0.0"
    }
  }

yarn manifest: 
  No manifest

Lockfile: 
  No lockfile
